Arguments: 
  /Users/matthiashaefeli/.nvm/versions/node/v14.5.0/bin/node /usr/local/Cellar/yarn/1.22.4/libexec/bin/yarn.js add @react-navigation/native @react-navigation/stack

PATH: 
  /Library/Frameworks/Python.framework/Versions/3.6/bin:/opt/local/bin:/opt/local/sbin:/Users/matthiashaefeli/.nvm/versions/node/v14.5.0/bin:/Users/matthiashaefeli/.rvm/gems/ruby-2.7.0/bin:/Users/matthiashaefeli/.rvm/gems/ruby-2.7.0@global/bin:/Users/matthiashaefeli/.rvm/rubies/ruby-2.7.0/bin:/usr/local/bin:/usr/bin:/bin:/usr/sbin:/sbin:/Users/matthiashaefeli/.rvm/bin

Yarn version: 
  1.22.4

Node version: 
  14.5.0

Platform: 
  darwin x64

Trace: 
  Error: getaddrinfo ENOTFOUND registry.yarnpkg.com
      at GetAddrInfoReqWrap.onlookup [as oncomplete] (dns.js:66:26)

npm manifest: 
  {
    "main": "node_modules/expo/AppEntry.js",
    "scripts": {
      "start": "expo start",
      "android": "expo start --android",
      "ios": "expo start --ios",
      "web": "expo start --web",
      "eject": "expo eject"
    },
    "dependencies": {
      "expo": "~38.0.8",
      "expo-status-bar": "^1.0.2",
      "react": "~16.11.0",
      "react-dom": "~16.11.0",
      "react-native": "https://github.com/expo/react-native/archive/sdk-38.0.2.tar.gz",
      "react-native-web": "~0.11.7"
    },
    "devDependencies": {
      "@babel/core": "^7.8.6",
      "babel-preset-expo": "~8.1.0"
    },
    "private": true
  }

yarn manifest: 
  No manifest

Lockfile: 
  No lockfile
